D:\SKILLTOOL\XGAME\PLAYER\PBC-MASTER\DEBUG\PBC-LUA.OBJ
D:\SKILLTOOL\XGAME\PLAYER\PBC-MASTER\DEBUG\ALLOC.OBJ
D:\SKILLTOOL\XGAME\PLAYER\PBC-MASTER\DEBUG\ARRAY.OBJ
D:\SKILLTOOL\XGAME\PLAYER\PBC-MASTER\DEBUG\BOOTSTRAP.OBJ
D:\SKILLTOOL\XGAME\PLAYER\PBC-MASTER\DEBUG\CONTEXT.OBJ
D:\SKILLTOOL\XGAME\PLAYER\PBC-MASTER\DEBUG\DECODE.OBJ
D:\SKILLTOOL\XGAME\PLAYER\PBC-MASTER\DEBUG\MAP.OBJ
D:\SKILLTOOL\XGAME\PLAYER\PBC-MASTER\DEBUG\PATTERN.OBJ
D:\SKILLTOOL\XGAME\PLAYER\PBC-MASTER\DEBUG\PROTO.OBJ
D:\SKILLTOOL\XGAME\PLAYER\PBC-MASTER\DEBUG\REGISTER.OBJ
D:\SKILLTOOL\XGAME\PLAYER\PBC-MASTER\DEBUG\RMESSAGE.OBJ
D:\SKILLTOOL\XGAME\PLAYER\PBC-MASTER\DEBUG\STRINGPOOL.OBJ
D:\SKILLTOOL\XGAME\PLAYER\PBC-MASTER\DEBUG\VARINT.OBJ
D:\SKILLTOOL\XGAME\PLAYER\PBC-MASTER\DEBUG\WMESSAGE.OBJ
D:\SKILLTOOL\XGAME\PLAYER\PBC-MASTER\DEBUG\VC110.PDB
D:\SKILLTOOL\XGAME\PLAYER\PROJ.WIN32\DEBUG\PBC.LIB
D:\skillTool\xgame\player\pbc-master\Debug\alloc.obj
D:\skillTool\xgame\player\pbc-master\Debug\array.obj
D:\skillTool\xgame\player\pbc-master\Debug\bootstrap.obj
D:\skillTool\xgame\player\pbc-master\Debug\context.obj
D:\skillTool\xgame\player\pbc-master\Debug\decode.obj
D:\skillTool\xgame\player\pbc-master\Debug\map.obj
D:\skillTool\xgame\player\pbc-master\Debug\pattern.obj
D:\skillTool\xgame\player\pbc-master\Debug\pbc-lua.obj
D:\skillTool\xgame\player\pbc-master\Debug\proto.obj
D:\skillTool\xgame\player\pbc-master\Debug\register.obj
D:\skillTool\xgame\player\pbc-master\Debug\rmessage.obj
D:\skillTool\xgame\player\pbc-master\Debug\stringpool.obj
D:\skillTool\xgame\player\pbc-master\Debug\varint.obj
D:\skillTool\xgame\player\pbc-master\Debug\wmessage.obj
D:\skillTool\xgame\player\pbc-master\Debug\cl.command.1.tlog
D:\skillTool\xgame\player\pbc-master\Debug\CL.read.1.tlog
D:\skillTool\xgame\player\pbc-master\Debug\CL.write.1.tlog
D:\skillTool\xgame\player\pbc-master\Debug\Lib-link.read.1.tlog
D:\skillTool\xgame\player\pbc-master\Debug\Lib-link.write.1.tlog
D:\skillTool\xgame\player\pbc-master\Debug\lib.command.1.tlog
D:\skillTool\xgame\player\pbc-master\Debug\vc110.idb
D:\skillTool\xgame\player\pbc-master\Debug\vc110.pdb
D:\skillTool\xgame\player\proj.win32\Debug\pbc.lib
