生成启动时间为 2014/9/18 14:42:56。
     1>项目“C:\Users\Sandao\Desktop\xgame\player\pbc-master\pbc.vcxproj”在节点 3 上(Build 个目标)。
     1>ClCompile:
         C:\Program Files (x86)\Microsoft Visual Studio 12.0\VC\bin\CL.exe /c /I. /I.\pbc /I.\pbc\src /I"C:\Users\Sandao\Desktop\xgame\\lib\cocos2d-x\scripting\lua\lua_extensions" /I"C:\Users\Sandao\Desktop\xgame\\lib\cocos2d-x\scripting\lua\luajit\include" /ZI /nologo /W3 /WX- /sdl /Od /Oy- /D WIN32 /D _LIB /D _DEBUG /D _USING_V110_SDK71_ /D _UNICODE /D UNICODE /Gm /EHsc /RTC1 /MDd /GS /fp:precise /Zc:wchar_t /Zc:forScope /Fo"Debug\\" /Fd"Debug\vc120.pdb" /Gd /TP /wd4146 /wd4273 /wd4244 /wd4018 /analyze- /errorReport:prompt "binding\lua\pbc-lua.c" src\alloc.c src\array.c src\bootstrap.c src\context.c src\decode.c src\map.c src\pattern.c src\proto.c src\register.c src\rmessage.c src\stringpool.c src\varint.c src\wmessage.c
         wmessage.c
         varint.c
         stringpool.c
         rmessage.c
         register.c
         proto.c
         pattern.c
         map.c
         decode.c
         context.c
         bootstrap.c
         array.c
         alloc.c
         pbc-lua.c
     1>c:\users\sandao\desktop\xgame\player\pbc-master\binding\lua\pbc-lua.c(788): warning C4101: “b”: 未引用的局部变量
         正在生成代码...
       Lib:
         C:\Program Files (x86)\Microsoft Visual Studio 12.0\VC\bin\Lib.exe /OUT:"C:\Users\Sandao\Desktop\xgame\player\proj.win32\Debug\pbc.lib" /NOLOGO "Debug\pbc-lua.obj"
         Debug\alloc.obj
         Debug\array.obj
         Debug\bootstrap.obj
         Debug\context.obj
         Debug\decode.obj
         Debug\map.obj
         Debug\pattern.obj
         Debug\proto.obj
         Debug\register.obj
         Debug\rmessage.obj
         Debug\stringpool.obj
         Debug\varint.obj
         Debug\wmessage.obj
         pbc.vcxproj -> C:\Users\Sandao\Desktop\xgame\player\proj.win32\Debug\pbc.lib
     1>已完成生成项目“C:\Users\Sandao\Desktop\xgame\player\pbc-master\pbc.vcxproj”(Build 个目标)的操作。

生成成功。

已用时间 00:00:03.79
